0 verbose cli /usr/local/bin/node /usr/local/lib/node_modules/npm/bin/npm-cli.js
1 info using npm@11.9.0
2 info using node@v24.14.0
3 silly config load:file:/usr/local/lib/node_modules/npm/npmrc
4 silly config load:file:/Volumes/SSD Data/Gits/Drumlab/.npmrc
5 silly config load:file:/Users/lysdal/.npmrc
6 silly config load:file:/usr/local/etc/npmrc
7 verbose title npm exec @railway/cli status
8 verbose argv "exec" "--cache" "./temp-npm-cache" "--yes" "--" "@railway/cli" "status"
9 verbose logfile logs-max:10 dir:/Volumes/SSD Data/Gits/Drumlab/temp-npm-cache/_logs/2026-05-20T14_23_14_652Z-
10 verbose logfile /Volumes/SSD Data/Gits/Drumlab/temp-npm-cache/_logs/2026-05-20T14_23_14_652Z-debug-0.log
11 silly logfile done cleaning log files
12 silly packumentCache heap:4496293888 maxSize:1124073472 maxEntrySize:562036736
13 http fetch GET 200 https://registry.npmjs.org/@railway%2fcli 557ms (cache miss)
14 silly packumentCache heap:4496293888 maxSize:1124073472 maxEntrySize:562036736
15 silly packumentCache heap:4496293888 maxSize:1124073472 maxEntrySize:562036736
16 silly idealTree buildDeps
17 silly fetch manifest @railway/cli@4.59.0
18 silly packumentCache full:https://registry.npmjs.org/@railway%2fcli cache-miss
19 http fetch GET 200 https://registry.npmjs.org/@railway%2fcli 525ms (cache miss)
20 silly packumentCache full:https://registry.npmjs.org/@railway%2fcli set size:undefined disposed:false
21 silly placeDep ROOT @railway/cli@4.59.0 OK for:  want: 4.59.0
22 silly fetch manifest @napi-rs/triples@^1.1.0
23 silly packumentCache full:https://registry.npmjs.org/@napi-rs%2ftriples cache-miss
24 silly fetch manifest node-fetch@^3.1.0
25 silly packumentCache full:https://registry.npmjs.org/node-fetch cache-miss
26 silly fetch manifest tar@^6.1.11
27 silly packumentCache full:https://registry.npmjs.org/tar cache-miss
28 http cache https://registry.npmjs.org/node-fetch 9ms (cache hit)
29 silly packumentCache full:https://registry.npmjs.org/node-fetch set size:896010 disposed:false
30 http cache https://registry.npmjs.org/tar 16ms (cache hit)
31 silly packumentCache full:https://registry.npmjs.org/tar set size:544656 disposed:false
32 http fetch GET 200 https://registry.npmjs.org/@napi-rs%2ftriples 510ms (cache miss)
33 silly packumentCache full:https://registry.npmjs.org/@napi-rs%2ftriples set size:undefined disposed:false
34 silly placeDep ROOT @napi-rs/triples@1.2.0 OK for: @railway/cli@4.59.0 want: ^1.1.0
35 silly placeDep ROOT node-fetch@3.3.2 OK for: @railway/cli@4.59.0 want: ^3.1.0
36 silly placeDep ROOT tar@6.2.1 OK for: @railway/cli@4.59.0 want: ^6.1.11
37 silly fetch manifest data-uri-to-buffer@^4.0.0
38 silly packumentCache full:https://registry.npmjs.org/data-uri-to-buffer cache-miss
39 silly fetch manifest fetch-blob@^3.1.4
40 silly packumentCache full:https://registry.npmjs.org/fetch-blob cache-miss
41 silly fetch manifest formdata-polyfill@^4.0.10
42 silly packumentCache full:https://registry.npmjs.org/formdata-polyfill cache-miss
43 silly fetch manifest chownr@^2.0.0
44 silly packumentCache full:https://registry.npmjs.org/chownr cache-miss
45 silly fetch manifest mkdirp@^1.0.3
46 silly packumentCache full:https://registry.npmjs.org/mkdirp cache-miss
47 http cache https://registry.npmjs.org/chownr 9ms (cache hit)
48 silly packumentCache full:https://registry.npmjs.org/chownr set size:22157 disposed:false
49 silly fetch manifest yallist@^4.0.0
50 silly packumentCache full:https://registry.npmjs.org/yallist cache-miss
51 http cache https://registry.npmjs.org/mkdirp 11ms (cache hit)
52 silly packumentCache full:https://registry.npmjs.org/mkdirp set size:116431 disposed:false
53 silly fetch manifest minipass@^5.0.0
54 silly packumentCache full:https://registry.npmjs.org/minipass cache-miss
55 http cache https://registry.npmjs.org/yallist 6ms (cache hit)
56 silly packumentCache full:https://registry.npmjs.org/yallist set size:34610 disposed:false
57 silly fetch manifest minizlib@^2.1.1
58 silly packumentCache full:https://registry.npmjs.org/minizlib cache-miss
59 http cache https://registry.npmjs.org/minipass 5ms (cache hit)
60 silly packumentCache full:https://registry.npmjs.org/minipass set size:276925 disposed:false
61 silly fetch manifest fs-minipass@^2.0.0
62 silly packumentCache full:https://registry.npmjs.org/fs-minipass cache-miss
63 http cache https://registry.npmjs.org/minizlib 11ms (cache hit)
64 silly packumentCache full:https://registry.npmjs.org/minizlib set size:62862 disposed:false
65 http cache https://registry.npmjs.org/fs-minipass 9ms (cache hit)
66 silly packumentCache full:https://registry.npmjs.org/fs-minipass set size:44606 disposed:false
67 http fetch GET 200 https://registry.npmjs.org/data-uri-to-buffer 39ms (cache miss)
68 silly packumentCache full:https://registry.npmjs.org/data-uri-to-buffer set size:undefined disposed:false
69 http fetch GET 200 https://registry.npmjs.org/formdata-polyfill 63ms (cache miss)
70 silly packumentCache full:https://registry.npmjs.org/formdata-polyfill set size:undefined disposed:false
71 http fetch GET 200 https://registry.npmjs.org/fetch-blob 97ms (cache miss)
72 silly packumentCache full:https://registry.npmjs.org/fetch-blob set size:undefined disposed:false
73 silly placeDep ROOT data-uri-to-buffer@4.0.1 OK for: node-fetch@3.3.2 want: ^4.0.0
74 silly placeDep ROOT fetch-blob@3.2.0 OK for: node-fetch@3.3.2 want: ^3.1.4
75 silly placeDep ROOT formdata-polyfill@4.0.10 OK for: node-fetch@3.3.2 want: ^4.0.10
76 silly fetch manifest node-domexception@^1.0.0
77 silly packumentCache full:https://registry.npmjs.org/node-domexception cache-miss
78 silly fetch manifest web-streams-polyfill@^3.0.3
79 silly packumentCache full:https://registry.npmjs.org/web-streams-polyfill cache-miss
80 http fetch GET 200 https://registry.npmjs.org/node-domexception 33ms (cache miss)
81 silly packumentCache full:https://registry.npmjs.org/node-domexception set size:undefined disposed:false
82 http fetch GET 200 https://registry.npmjs.org/web-streams-polyfill 35ms (cache miss)
83 silly packumentCache full:https://registry.npmjs.org/web-streams-polyfill set size:undefined disposed:false
84 silly placeDep ROOT node-domexception@1.0.0 OK for: fetch-blob@3.2.0 want: ^1.0.0
85 silly placeDep ROOT web-streams-polyfill@3.3.3 OK for: fetch-blob@3.2.0 want: ^3.0.3
86 silly placeDep ROOT chownr@2.0.0 OK for: tar@6.2.1 want: ^2.0.0
87 silly placeDep ROOT fs-minipass@2.1.0 OK for: tar@6.2.1 want: ^2.0.0
88 silly placeDep ROOT minipass@5.0.0 OK for: tar@6.2.1 want: ^5.0.0
89 silly placeDep ROOT minizlib@2.1.2 OK for: tar@6.2.1 want: ^2.1.1
90 silly placeDep ROOT mkdirp@1.0.4 OK for: tar@6.2.1 want: ^1.0.3
91 silly placeDep ROOT yallist@4.0.0 OK for: tar@6.2.1 want: ^4.0.0
92 silly fetch manifest minipass@^3.0.0
93 silly packumentCache full:https://registry.npmjs.org/minipass cache-hit
94 silly fetch manifest minipass@^3.0.0
95 silly packumentCache full:https://registry.npmjs.org/minipass cache-hit
96 silly placeDep node_modules/fs-minipass minipass@3.3.6 OK for: fs-minipass@2.1.0 want: ^3.0.0
97 silly placeDep node_modules/minizlib minipass@3.3.6 OK for: minizlib@2.1.2 want: ^3.0.0
98 silly reify moves {}
99 silly audit bulk request {
99 silly audit   '@railway/cli': [ '4.59.0' ],
99 silly audit   '@napi-rs/triples': [ '1.2.0' ],
99 silly audit   'node-fetch': [ '3.3.2' ],
99 silly audit   tar: [ '6.2.1' ],
99 silly audit   'data-uri-to-buffer': [ '4.0.1' ],
99 silly audit   'fetch-blob': [ '3.2.0' ],
99 silly audit   'formdata-polyfill': [ '4.0.10' ],
99 silly audit   'node-domexception': [ '1.0.0' ],
99 silly audit   'web-streams-polyfill': [ '3.3.3' ],
99 silly audit   chownr: [ '2.0.0' ],
99 silly audit   'fs-minipass': [ '2.1.0' ],
99 silly audit   minipass: [ '5.0.0', '3.3.6' ],
99 silly audit   minizlib: [ '2.1.2' ],
99 silly audit   mkdirp: [ '1.0.4' ],
99 silly audit   yallist: [ '4.0.0' ]
99 silly audit }
100 http cache yallist@https://registry.npmjs.org/yallist/-/yallist-4.0.0.tgz 0ms (cache hit)
101 http cache mkdirp@https://registry.npmjs.org/mkdirp/-/mkdirp-1.0.4.tgz 0ms (cache hit)
102 http cache minizlib@https://registry.npmjs.org/minizlib/-/minizlib-2.1.2.tgz 0ms (cache hit)
103 http cache minipass@https://registry.npmjs.org/minipass/-/minipass-5.0.0.tgz 0ms (cache hit)
104 http cache fs-minipass@https://registry.npmjs.org/fs-minipass/-/fs-minipass-2.1.0.tgz 0ms (cache hit)
105 http cache chownr@https://registry.npmjs.org/chownr/-/chownr-2.0.0.tgz 0ms (cache hit)
106 http cache web-streams-polyfill@https://registry.npmjs.org/web-streams-polyfill/-/web-streams-polyfill-3.3.3.tgz 0ms (cache hit)
107 http cache node-domexception@https://registry.npmjs.org/node-domexception/-/node-domexception-1.0.0.tgz 0ms (cache hit)
108 http cache formdata-polyfill@https://registry.npmjs.org/formdata-polyfill/-/formdata-polyfill-4.0.10.tgz 0ms (cache hit)
109 http cache fetch-blob@https://registry.npmjs.org/fetch-blob/-/fetch-blob-3.2.0.tgz 0ms (cache hit)
110 http cache data-uri-to-buffer@https://registry.npmjs.org/data-uri-to-buffer/-/data-uri-to-buffer-4.0.1.tgz 0ms (cache hit)
111 http cache tar@https://registry.npmjs.org/tar/-/tar-6.2.1.tgz 0ms (cache hit)
112 http cache node-fetch@https://registry.npmjs.org/node-fetch/-/node-fetch-3.3.2.tgz 0ms (cache hit)
113 http cache @napi-rs/triples@https://registry.npmjs.org/@napi-rs/triples/-/triples-1.2.0.tgz 0ms (cache hit)
114 http cache @railway/cli@https://registry.npmjs.org/@railway/cli/-/cli-4.59.0.tgz 0ms (cache hit)
115 http cache minipass@https://registry.npmjs.org/minipass/-/minipass-3.3.6.tgz 0ms (cache hit)
116 http cache minipass@https://registry.npmjs.org/minipass/-/minipass-3.3.6.tgz 0ms (cache hit)
117 silly tarball no local data for web-streams-polyfill@https://registry.npmjs.org/web-streams-polyfill/-/web-streams-polyfill-3.3.3.tgz. Extracting by manifest.
118 silly tarball no local data for node-domexception@https://registry.npmjs.org/node-domexception/-/node-domexception-1.0.0.tgz. Extracting by manifest.
119 silly tarball no local data for formdata-polyfill@https://registry.npmjs.org/formdata-polyfill/-/formdata-polyfill-4.0.10.tgz. Extracting by manifest.
120 silly tarball no local data for fetch-blob@https://registry.npmjs.org/fetch-blob/-/fetch-blob-3.2.0.tgz. Extracting by manifest.
121 silly tarball no local data for data-uri-to-buffer@https://registry.npmjs.org/data-uri-to-buffer/-/data-uri-to-buffer-4.0.1.tgz. Extracting by manifest.
122 silly tarball no local data for node-fetch@https://registry.npmjs.org/node-fetch/-/node-fetch-3.3.2.tgz. Extracting by manifest.
123 silly tarball no local data for @napi-rs/triples@https://registry.npmjs.org/@napi-rs/triples/-/triples-1.2.0.tgz. Extracting by manifest.
124 silly tarball no local data for @railway/cli@https://registry.npmjs.org/@railway/cli/-/cli-4.59.0.tgz. Extracting by manifest.
125 http fetch GET 200 https://registry.npmjs.org/data-uri-to-buffer/-/data-uri-to-buffer-4.0.1.tgz 83ms (cache miss)
126 http fetch GET 200 https://registry.npmjs.org/fetch-blob/-/fetch-blob-3.2.0.tgz 86ms (cache miss)
127 warn deprecated tar@6.2.1: Old versions of tar are not supported, and contain widely publicized security vulnerabilities, which have been fixed in the current version. Please update. Support for old versions may be purchased (at exorbitant rates) by contacting i@izs.me
128 http fetch GET 200 https://registry.npmjs.org/node-domexception/-/node-domexception-1.0.0.tgz 134ms (cache miss)
129 http fetch GET 200 https://registry.npmjs.org/formdata-polyfill/-/formdata-polyfill-4.0.10.tgz 134ms (cache miss)
130 warn deprecated node-domexception@1.0.0: Use your platform's native DOMException instead
131 http fetch GET 200 https://registry.npmjs.org/node-fetch/-/node-fetch-3.3.2.tgz 217ms (cache miss)
132 http fetch GET 200 https://registry.npmjs.org/@napi-rs/triples/-/triples-1.2.0.tgz 233ms (cache miss)
133 http fetch GET 200 https://registry.npmjs.org/@railway/cli/-/cli-4.59.0.tgz 261ms (cache miss)
134 http fetch POST 200 https://registry.npmjs.org/-/npm/v1/security/advisories/bulk 712ms
135 silly audit report {
135 silly audit report   tar: [
135 silly audit report     {
135 silly audit report       id: 1112659,
135 silly audit report       url: 'https://github.com/advisories/GHSA-34x7-hfp2-rc4v',
135 silly audit report       title: 'node-tar Vulnerable to Arbitrary File Creation/Overwrite via Hardlink Path Traversal',
135 silly audit report       severity: 'high',
135 silly audit report       vulnerable_versions: '<7.5.7',
135 silly audit report       cwe: [Array],
135 silly audit report       cvss: [Object]
135 silly audit report     },
135 silly audit report     {
135 silly audit report       id: 1113300,
135 silly audit report       url: 'https://github.com/advisories/GHSA-8qq5-rm4j-mr97',
135 silly audit report       title: 'node-tar is Vulnerable to Arbitrary File Overwrite and Symlink Poisoning via Insufficient Path Sanitization',
135 silly audit report       severity: 'high',
135 silly audit report       vulnerable_versions: '<=7.5.2',
135 silly audit report       cwe: [Array],
135 silly audit report       cvss: [Object]
135 silly audit report     },
135 silly audit report     {
135 silly audit report       id: 1113375,
135 silly audit report       url: 'https://github.com/advisories/GHSA-83g3-92jg-28cx',
135 silly audit report       title: 'Arbitrary File Read/Write via Hardlink Target Escape Through Symlink Chain in node-tar Extraction',
135 silly audit report       severity: 'high',
135 silly audit report       vulnerable_versions: '<7.5.8',
135 silly audit report       cwe: [Array],
135 silly audit report       cvss: [Object]
135 silly audit report     },
135 silly audit report     {
135 silly audit report       id: 1114200,
135 silly audit report       url: 'https://github.com/advisories/GHSA-qffp-2rhf-9h96',
135 silly audit report       title: 'tar has Hardlink Path Traversal via Drive-Relative Linkpath',
135 silly audit report       severity: 'high',
135 silly audit report       vulnerable_versions: '<=7.5.9',
135 silly audit report       cwe: [Array],
135 silly audit report       cvss: [Object]
135 silly audit report     },
135 silly audit report     {
135 silly audit report       id: 1114302,
135 silly audit report       url: 'https://github.com/advisories/GHSA-9ppj-qmqm-q256',
135 silly audit report       title: 'node-tar Symlink Path Traversal via Drive-Relative Linkpath',
135 silly audit report       severity: 'high',
135 silly audit report       vulnerable_versions: '<=7.5.10',
135 silly audit report       cwe: [Array],
135 silly audit report       cvss: [Object]
135 silly audit report     },
135 silly audit report     {
135 silly audit report       id: 1114680,
135 silly audit report       url: 'https://github.com/advisories/GHSA-r6q2-hw4h-h46w',
135 silly audit report       title: 'Race Condition in node-tar Path Reservations via Unicode Ligature Collisions on macOS APFS',
135 silly audit report       severity: 'high',
135 silly audit report       vulnerable_versions: '<=7.5.3',
135 silly audit report       cwe: [Array],
135 silly audit report       cvss: [Object]
135 silly audit report     }
135 silly audit report   ]
135 silly audit report }
136 silly packumentCache corgi:https://registry.npmjs.org/tar cache-miss
137 http cache https://registry.npmjs.org/tar 4ms (cache hit)
138 silly packumentCache corgi:https://registry.npmjs.org/tar set size:201168 disposed:false
139 silly packumentCache corgi:https://registry.npmjs.org/@railway%2fcli cache-miss
140 http fetch GET 200 https://registry.npmjs.org/web-streams-polyfill/-/web-streams-polyfill-3.3.3.tgz 709ms (cache miss)
141 http cache https://registry.npmjs.org/@railway%2fcli 7ms (cache hit)
142 silly packumentCache corgi:https://registry.npmjs.org/@railway%2fcli set size:324417 disposed:false
143 info run @railway/cli@4.59.0 postinstall node_modules/@railway/cli node ./npm-install/postinstall.js
144 info run @railway/cli@4.59.0 postinstall { code: 0, signal: null }
145 verbose cwd /Volumes/SSD Data/Gits/Drumlab
146 verbose os Darwin 24.6.0
147 verbose node v24.14.0
148 verbose npm  v11.9.0
149 verbose exit 1
150 verbose code 1
